Log file open, 07/02/21 18:33:43
LogWindows: Failed to load 'aqProf.dll' (GetLastError=126)
LogWindows: File 'aqProf.dll' does not exist
LogWindows: Failed to load 'VtuneApi.dll' (GetLastError=126)
LogWindows: File 'VtuneApi.dll' does not exist
LogWindows: Failed to load 'VtuneApi32e.dll' (GetLastError=126)
LogWindows: File 'VtuneApi32e.dll' does not exist
LogConsoleResponse: Display: Failed to find resolution value strings in scalability ini. Falling back to default.
LogInit: Display: Running engine for game: MuffinWar
LogPlatformFile: Not using cached read wrapper
LogTaskGraph: Started task graph with 5 named threads and 11 total threads with 3 sets of task threads.
LogStats: Stats thread started at 0.299083
LogD3D11RHI: Loaded GFSDK_Aftermath_Lib.x64.dll
LogICUInternationalization: ICU TimeZone Detection - Raw Offset: +2:00, Platform Override: ''
LogPluginManager: Mounting plugin Paper2D
LogPluginManager: Mounting plugin AISupport
LogPluginManager: Mounting plugin LightPropagationVolume
LogPluginManager: Mounting plugin ActorLayerUtilities
LogPluginManager: Mounting plugin AnimationSharing
LogPluginManager: Mounting plugin CLionSourceCodeAccess
LogPluginManager: Mounting plugin CodeLiteSourceCodeAccess
LogPluginManager: Mounting plugin GitSourceControl
LogPluginManager: Mounting plugin KDevelopSourceCodeAccess
LogPluginManager: Mounting plugin NullSourceCodeAccess
LogPluginManager: Mounting plugin PerforceSourceControl
LogPluginManager: Mounting plugin PlasticSourceControl
LogPluginManager: Mounting plugin SubversionSourceControl
LogPluginManager: Mounting plugin UObjectPlugin
LogPluginManager: Mounting plugin VisualStudioCodeSourceCodeAccess
LogPluginManager: Mounting plugin VisualStudioSourceCodeAccess
LogPluginManager: Mounting plugin XCodeSourceCodeAccess
LogPluginManager: Mounting plugin AssetManagerEditor
LogPluginManager: Mounting plugin CryptoKeys
LogPluginManager: Mounting plugin CurveEditorTools
LogPluginManager: Mounting plugin DataValidation
LogPluginManager: Mounting plugin FacialAnimation
LogPluginManager: Mounting plugin GameplayTagsEditor
LogPluginManager: Mounting plugin MacGraphicsSwitching
LogPluginManager: Mounting plugin MaterialAnalyzer
LogPluginManager: Mounting plugin MobileLauncherProfileWizard
LogPluginManager: Mounting plugin PluginBrowser
LogPluginManager: Mounting plugin SpeedTreeImporter
LogPluginManager: Mounting plugin DatasmithContent
LogPluginManager: Mounting plugin VariantManagerContent
LogPluginManager: Mounting plugin AlembicImporter
LogPluginManager: Mounting plugin AutomationUtils
LogPluginManager: Mounting plugin BackChannel
LogPluginManager: Mounting plugin CharacterAI
LogPluginManager: Mounting plugin GeometryCache
LogPluginManager: Mounting plugin PlatformCrypto
LogPluginManager: Mounting plugin ProxyLODPlugin
LogPluginManager: Mounting plugin SkeletalReduction
LogPluginManager: Mounting plugin MagicLeap
LogPluginManager: Mounting plugin MagicLeapMedia
LogPluginManager: Mounting plugin MLSDK
LogPluginManager: Mounting plugin AndroidMedia
LogPluginManager: Mounting plugin AvfMedia
LogPluginManager: Mounting plugin ImgMedia
LogPluginManager: Mounting plugin MediaCompositing
LogPluginManager: Mounting plugin MediaPlayerEditor
LogPluginManager: Mounting plugin WebMMedia
LogPluginManager: Mounting plugin WmfMedia
LogPluginManager: Mounting plugin TcpMessaging
LogPluginManager: Mounting plugin UdpMessaging
LogPluginManager: Mounting plugin ActorSequence
LogPluginManager: Mounting plugin LevelSequenceEditor
LogPluginManager: Mounting plugin MatineeToLevelSequence
LogPluginManager: Mounting plugin NetcodeUnitTest
LogPluginManager: Mounting plugin NUTUnrealEngine4
LogPluginManager: Mounting plugin OnlineSubsystemGooglePlay
LogPluginManager: Mounting plugin OnlineSubsystemIOS
LogPluginManager: Mounting plugin OnlineSubsystem
LogPluginManager: Mounting plugin OnlineSubsystemNull
LogPluginManager: Mounting plugin OnlineSubsystemUtils
LogPluginManager: Mounting plugin LauncherChunkInstaller
LogPluginManager: Mounting plugin AndroidDeviceProfileSelector
LogPluginManager: Mounting plugin AndroidMoviePlayer
LogPluginManager: Mounting plugin AndroidPermission
LogPluginManager: Mounting plugin AppleImageUtils
LogPluginManager: Mounting plugin AppleMoviePlayer
LogPluginManager: Mounting plugin ArchVisCharacter
LogPluginManager: Mounting plugin AssetTags
LogPluginManager: Mounting plugin AudioCapture
LogPluginManager: Mounting plugin CableComponent
LogPluginManager: Mounting plugin CustomMeshComponent
LogPluginManager: Mounting plugin EditableMesh
LogPluginManager: Mounting plugin ExampleDeviceProfileSelector
LogPluginManager: Mounting plugin GoogleCloudMessaging
LogPluginManager: Mounting plugin IOSDeviceProfileSelector
LogPluginManager: Mounting plugin LinuxDeviceProfileSelector
LogPluginManager: Mounting plugin LocationServicesBPLibrary
LogPluginManager: Mounting plugin MobilePatchingUtils
LogPluginManager: Mounting plugin OculusVR
LogPluginManager: Mounting plugin PhysXVehicles
LogPluginManager: Mounting plugin PostSplashScreen
LogPluginManager: Mounting plugin ProceduralMeshComponent
LogPluginManager: Mounting plugin RuntimePhysXCooking
LogPluginManager: Mounting plugin SignificanceManager
LogPluginManager: Mounting plugin SteamVR
LogPluginManager: Mounting plugin WebMMoviePlayer
LogPluginManager: Mounting plugin WindowsMoviePlayer
LogPluginManager: Mounting plugin ScreenshotTools
LogInit: Using libcurl 7.55.1-DEV
LogInit:  - built for x86_64-pc-win32
LogInit:  - supports SSL with OpenSSL/1.1.1
LogInit:  - supports HTTP deflate (compression) using libz 1.2.8
LogInit:  - other features:
LogInit:      CURL_VERSION_SSL
LogInit:      CURL_VERSION_LIBZ
LogInit:      CURL_VERSION_IPV6
LogInit:      CURL_VERSION_ASYNCHDNS
LogInit:      CURL_VERSION_LARGEFILE
LogInit:      CURL_VERSION_IDN
LogInit:  CurlRequestOptions (configurable via config and command line):
LogInit:  - bVerifyPeer = true  - Libcurl will verify peer certificate
LogInit:  - bUseHttpProxy = false  - Libcurl will NOT use HTTP proxy
LogInit:  - bDontReuseConnections = false  - Libcurl will reuse connections
LogInit:  - MaxHostConnections = 16  - Libcurl will limit the number of connections to a host
LogInit:  - LocalHostAddr = Default
LogInit:  - BufferSize = 65536
LogOnline: OSS: Creating online subsystem instance for: NULL
LogInit: WinSock: version 1.1 (2.2), MaxSocks=32767, MaxUdp=65467
LogOnline: OSS: TryLoadSubsystemAndSetDefault: Loaded subsystem for module [NULL]
LogInit: Build: ++UE4+Release-4.24-CL-10570792
LogInit: Engine Version: 4.24.0-10570792+++UE4+Release-4.24
LogInit: Compatible Engine Version: 4.24.0-10570792+++UE4+Release-4.24
LogInit: Net CL: 10570792
LogInit: OS: Windows 7 (Service Pack 1), CPU: Intel(R) Core(TM) i3-4160 CPU @ 3.60GHz, GPU: NVIDIA GeForce GTX 950
LogInit: Compiled (64-bit): Dec  6 2019 02:05:13
LogInit: Compiled with Visual C++: 19.16.27032.01
LogInit: Build Configuration: Development
LogInit: Branch Name: ++UE4+Release-4.24
LogInit: Command Line: 
LogInit: Base Directory: D:/The all shiiiit/UE_4.24/Engine/Binaries/Win64/
LogInit: Installed Engine Build: 1
LogDevObjectVersion: Number of dev versions registered: 25
LogDevObjectVersion:   Dev-Blueprints (B0D832E4-1F89-4F0D-ACCF-7EB736FD4AA2): 10
LogDevObjectVersion:   Dev-Build (E1C64328-A22C-4D53-A36C-8E866417BD8C): 0
LogDevObjectVersion:   Dev-Core (375EC13C-06E4-48FB-B500-84F0262A717E): 3
LogDevObjectVersion:   Dev-Editor (E4B068ED-F494-42E9-A231-DA0B2E46BB41): 37
LogDevObjectVersion:   Dev-Framework (CFFC743F-43B0-4480-9391-14DF171D2073): 36
LogDevObjectVersion:   Dev-Mobile (B02B49B5-BB20-44E9-A304-32B752E40360): 2
LogDevObjectVersion:   Dev-Networking (A4E4105C-59A1-49B5-A7C5-40C4547EDFEE): 0
LogDevObjectVersion:   Dev-Online (39C831C9-5AE6-47DC-9A44-9C173E1C8E7C): 0
LogDevObjectVersion:   Dev-Physics (78F01B33-EBEA-4F98-B9B4-84EACCB95AA2): 2
LogDevObjectVersion:   Dev-Platform (6631380F-2D4D-43E0-8009-CF276956A95A): 0
LogDevObjectVersion:   Dev-Rendering (12F88B9F-8875-4AFC-A67C-D90C383ABD29): 36
LogDevObjectVersion:   Dev-Sequencer (7B5AE74C-D270-4C10-A958-57980B212A5A): 11
LogDevObjectVersion:   Dev-VR (D7296918-1DD6-4BDD-9DE2-64A83CC13884): 2
LogDevObjectVersion:   Dev-LoadTimes (C2A15278-BFE7-4AFE-6C17-90FF531DF755): 1
LogDevObjectVersion:   Private-Geometry (6EACA3D4-40EC-4CC1-B786-8BED09428FC5): 3
LogDevObjectVersion:   Dev-AnimPhys (29E575DD-E0A3-4627-9D10-D276232CDCEA): 17
LogDevObjectVersion:   Dev-Anim (AF43A65D-7FD3-4947-9873-3E8ED9C1BB05): 2
LogDevObjectVersion:   Dev-ReflectionCapture (6B266CEC-1EC7-4B8F-A30B-E4D90942FC07): 1
LogDevObjectVersion:   Dev-Automation (0DF73D61-A23F-47EA-B727-89E90C41499A): 1
LogDevObjectVersion:   FortniteMain (601D1886-AC64-4F84-AA16-D3DE0DEAC7D6): 31
LogDevObjectVersion:   Dev-Enterprise (9DFFBCD6-494F-0158-E221-12823C92A888): 8
LogDevObjectVersion:   Dev-Niagara (F2AED0AC-9AFE-416F-8664-AA7FFA26D6FC): 1
LogDevObjectVersion:   Dev-Destruction (174F1F0B-B4C6-45A5-B13F-2EE8D0FB917D): 9
LogDevObjectVersion:   Dev-Physics-Ext (35F94A83-E258-406C-A318-09F59610247C): 8
LogDevObjectVersion:   Dev-CineCamera (B2E18506-4273-CFC2-A54E-F4BB758BBA07): 1
LogFileManager: Warning: Error deleting file: ../../../../UE Trash/MuffinWar 4.24/Saved/Logs/MuffinWar-backup-2021.06.18-16.42.04.log (Error Code 2)
LogInit: Presizing for max 25165824 objects, including 0 objects not considered by GC, pre-allocating 0 bytes for permanent pool.
LogInit: Object subsystem initialized
LogConfig: Setting CVar [[con.DebugEarlyDefault:1]]
LogConfig: Setting CVar [[r.setres:1280x720]]
[2021.07.02-16.33.53:050][  0]LogConfig: Setting CVar [[r.VSync:0]]
[2021.07.02-16.33.53:050][  0]LogConfig: Setting CVar [[r.RHICmdBypass:0]]
[2021.07.02-16.33.53:051][  0]LogConfig: Applying CVar settings from Section [/Script/Engine.RendererSettings] File [D:/The all shiiiit/UE Trash/MuffinWar 4.24/Saved/Config/Windows/Engine.ini]
[2021.07.02-16.33.53:051][  0]LogConfig: Setting CVar [[r.GPUCrashDebugging:0]]
[2021.07.02-16.33.53:051][  0]LogConfig: Applying CVar settings from Section [/Script/Engine.RendererOverrideSettings] File [D:/The all shiiiit/UE Trash/MuffinWar 4.24/Saved/Config/Windows/Engine.ini]
[2021.07.02-16.33.53:051][  0]LogConfig: Applying CVar settings from Section [/Script/Engine.StreamingSettings] File [D:/The all shiiiit/UE Trash/MuffinWar 4.24/Saved/Config/Windows/Engine.ini]
[2021.07.02-16.33.53:051][  0]LogConfig: Setting CVar [[s.MinBulkDataSizeForAsyncLoading:131072]]
[2021.07.02-16.33.53:051][  0]LogConfig: Setting CVar [[s.AsyncLoadingThreadEnabled:0]]
[2021.07.02-16.33.53:051][  0]LogConfig: Setting CVar [[s.EventDrivenLoaderEnabled:1]]
[2021.07.02-16.33.53:051][  0]LogConfig: Setting CVar [[s.WarnIfTimeLimitExceeded:0]]
[2021.07.02-16.33.53:051][  0]LogConfig: Setting CVar [[s.TimeLimitExceededMultiplier:1.5]]
[2021.07.02-16.33.53:051][  0]LogConfig: Setting CVar [[s.TimeLimitExceededMinTime:0.005]]
[2021.07.02-16.33.53:051][  0]LogConfig: Setting CVar [[s.UseBackgroundLevelStreaming:1]]
[2021.07.02-16.33.53:051][  0]LogConfig: Setting CVar [[s.PriorityAsyncLoadingExtraTime:15.0]]
[2021.07.02-16.33.53:051][  0]LogConfig: Setting CVar [[s.LevelStreamingActorsUpdateTimeLimit:5.0]]
[2021.07.02-16.33.53:051][  0]LogConfig: Setting CVar [[s.PriorityLevelStreamingActorsUpdateExtraTime:5.0]]
[2021.07.02-16.33.53:051][  0]LogConfig: Setting CVar [[s.LevelStreamingComponentsRegistrationGranularity:10]]
[2021.07.02-16.33.53:051][  0]LogConfig: Setting CVar [[s.UnregisterComponentsTimeLimit:1.0]]
[2021.07.02-16.33.53:051][  0]LogConfig: Setting CVar [[s.LevelStreamingComponentsUnregistrationGranularity:5]]
[2021.07.02-16.33.53:051][  0]LogConfig: Setting CVar [[s.FlushStreamingOnExit:1]]
[2021.07.02-16.33.53:063][  0]LogConfig: Applying CVar settings from Section [/Script/Engine.GarbageCollectionSettings] File [D:/The all shiiiit/UE Trash/MuffinWar 4.24/Saved/Config/Windows/Engine.ini]
[2021.07.02-16.33.53:063][  0]LogConfig: Setting CVar [[gc.MaxObjectsNotConsideredByGC:1]]
[2021.07.02-16.33.53:063][  0]LogConfig: Setting CVar [[gc.SizeOfPermanentObjectPool:0]]
[2021.07.02-16.33.53:063][  0]LogConfig: Setting CVar [[gc.FlushStreamingOnGC:0]]
[2021.07.02-16.33.53:063][  0]LogConfig: Setting CVar [[gc.NumRetriesBeforeForcingGC:10]]
[2021.07.02-16.33.53:063][  0]LogConfig: Setting CVar [[gc.AllowParallelGC:1]]
[2021.07.02-16.33.53:063][  0]LogConfig: Setting CVar [[gc.TimeBetweenPurgingPendingKillObjects:61.1]]
[2021.07.02-16.33.53:063][  0]LogConfig: Setting CVar [[gc.MaxObjectsInEditor:25165824]]
[2021.07.02-16.33.53:063][  0]LogConfig: Setting CVar [[gc.IncrementalBeginDestroyEnabled:1]]
[2021.07.02-16.33.53:063][  0]LogConfig: Setting CVar [[gc.CreateGCClusters:1]]
[2021.07.02-16.33.53:063][  0]LogConfig: Setting CVar [[gc.MinGCClusterSize:5]]
[2021.07.02-16.33.53:063][  0]LogConfig: Setting CVar [[gc.ActorClusteringEnabled:0]]
[2021.07.02-16.33.53:063][  0]LogConfig: Setting CVar [[gc.BlueprintClusteringEnabled:0]]
[2021.07.02-16.33.53:063][  0]LogConfig: Setting CVar [[gc.UseDisregardForGCOnDedicatedServers:0]]
[2021.07.02-16.33.53:063][  0]LogConfig: Applying CVar settings from Section [/Script/Engine.NetworkSettings] File [D:/The all shiiiit/UE Trash/MuffinWar 4.24/Saved/Config/Windows/Engine.ini]
[2021.07.02-16.33.53:063][  0]LogConfig: Applying CVar settings from Section [/Script/UnrealEd.CookerSettings] File [D:/The all shiiiit/UE Trash/MuffinWar 4.24/Saved/Config/Windows/Engine.ini]
[2021.07.02-16.33.53:356][  0]LogConfig: Applying CVar settings from Section [ViewDistanceQuality@3] File [D:/The all shiiiit/UE Trash/MuffinWar 4.24/Saved/Config/Windows/Scalability.ini]
[2021.07.02-16.33.53:356][  0]LogConfig: Setting CVar [[r.SkeletalMeshLODBias:0]]
[2021.07.02-16.33.53:356][  0]LogConfig: Setting CVar [[r.ViewDistanceScale:1.0]]
[2021.07.02-16.33.53:356][  0]LogConfig: Applying CVar settings from Section [AntiAliasingQuality@3] File [D:/The all shiiiit/UE Trash/MuffinWar 4.24/Saved/Config/Windows/Scalability.ini]
[2021.07.02-16.33.53:356][  0]LogConfig: Setting CVar [[r.PostProcessAAQuality:4]]
[2021.07.02-16.33.53:356][  0]LogConfig: Applying CVar settings from Section [ShadowQuality@3] File [D:/The all shiiiit/UE Trash/MuffinWar 4.24/Saved/Config/Windows/Scalability.ini]
[2021.07.02-16.33.53:356][  0]LogConfig: Setting CVar [[r.LightFunctionQuality:1]]
[2021.07.02-16.33.53:356][  0]LogConfig: Setting CVar [[r.ShadowQuality:5]]
[2021.07.02-16.33.53:356][  0]LogConfig: Setting CVar [[r.Shadow.CSM.MaxCascades:10]]
[2021.07.02-16.33.53:356][  0]LogConfig: Setting CVar [[r.Shadow.MaxResolution:2048]]
[2021.07.02-16.33.53:356][  0]LogConfig: Setting CVar [[r.Shadow.MaxCSMResolution:2048]]
[2021.07.02-16.33.53:356][  0]LogConfig: Setting CVar [[r.Shadow.RadiusThreshold:0.01]]
[2021.07.02-16.33.53:356][  0]LogConfig: Setting CVar [[r.Shadow.DistanceScale:1.0]]
[2021.07.02-16.33.53:356][  0]LogConfig: Setting CVar [[r.Shadow.CSM.TransitionScale:1.0]]
[2021.07.02-16.33.53:356][  0]LogConfig: Setting CVar [[r.Shadow.PreShadowResolutionFactor:1.0]]
[2021.07.02-16.33.53:356][  0]LogConfig: Setting CVar [[r.DistanceFieldShadowing:1]]
[2021.07.02-16.33.53:356][  0]LogConfig: Setting CVar [[r.DistanceFieldAO:1]]
[2021.07.02-16.33.53:356][  0]LogConfig: Setting CVar [[r.AOQuality:2]]
[2021.07.02-16.33.53:356][  0]LogConfig: Setting CVar [[r.VolumetricFog:1]]
[2021.07.02-16.33.53:356][  0]LogConfig: Setting CVar [[r.VolumetricFog.GridPixelSize:8]]
[2021.07.02-16.33.53:356][  0]LogConfig: Setting CVar [[r.VolumetricFog.GridSizeZ:128]]
[2021.07.02-16.33.53:356][  0]LogConfig: Setting CVar [[r.VolumetricFog.HistoryMissSupersampleCount:4]]
[2021.07.02-16.33.53:356][  0]LogConfig: Setting CVar [[r.LightMaxDrawDistanceScale:1]]
[2021.07.02-16.33.53:356][  0]LogConfig: Setting CVar [[r.CapsuleShadows:1]]
[2021.07.02-16.33.53:356][  0]LogConfig: Applying CVar settings from Section [PostProcessQuality@3] File [D:/The all shiiiit/UE Trash/MuffinWar 4.24/Saved/Config/Windows/Scalability.ini]
[2021.07.02-16.33.53:356][  0]LogConfig: Setting CVar [[r.MotionBlurQuality:4]]
[2021.07.02-16.33.53:356][  0]LogConfig: Setting CVar [[r.AmbientOcclusionMipLevelFactor:0.4]]
[2021.07.02-16.33.53:356][  0]LogConfig: Setting CVar [[r.AmbientOcclusionMaxQuality:100]]
[2021.07.02-16.33.53:356][  0]LogConfig: Setting CVar [[r.AmbientOcclusionLevels:-1]]
[2021.07.02-16.33.53:356][  0]LogConfig: Setting CVar [[r.AmbientOcclusionRadiusScale:1.0]]
[2021.07.02-16.33.53:356][  0]LogConfig: Setting CVar [[r.DepthOfFieldQuality:2]]
[2021.07.02-16.33.53:356][  0]LogConfig: Setting CVar [[r.RenderTargetPoolMin:400]]
[2021.07.02-16.33.53:356][  0]LogConfig: Setting CVar [[r.LensFlareQuality:2]]
[2021.07.02-16.33.53:356][  0]LogConfig: Setting CVar [[r.SceneColorFringeQuality:1]]
[2021.07.02-16.33.53:356][  0]LogConfig: Setting CVar [[r.EyeAdaptationQuality:2]]
[2021.07.02-16.33.53:356][  0]LogConfig: Setting CVar [[r.BloomQuality:5]]
[2021.07.02-16.33.53:356][  0]LogConfig: Setting CVar [[r.FastBlurThreshold:100]]
[2021.07.02-16.33.53:356][  0]LogConfig: Setting CVar [[r.Upscale.Quality:3]]
[2021.07.02-16.33.53:356][  0]LogConfig: Setting CVar [[r.Tonemapper.GrainQuantization:1]]
[2021.07.02-16.33.53:356][  0]LogConfig: Setting CVar [[r.LightShaftQuality:1]]
[2021.07.02-16.33.53:356][  0]LogConfig: Setting CVar [[r.Filter.SizeScale:1]]
[2021.07.02-16.33.53:356][  0]LogConfig: Setting CVar [[r.Tonemapper.Quality:5]]
[2021.07.02-16.33.53:356][  0]LogConfig: Setting CVar [[r.DOF.Gather.AccumulatorQuality:1        ; higher gathering accumulator quality]]
[2021.07.02-16.33.53:356][  0]LogConfig: Setting CVar [[r.DOF.Gather.PostfilterMethod:1          ; Median3x3 postfilering method]]
[2021.07.02-16.33.53:356][  0]LogConfig: Setting CVar [[r.DOF.Gather.EnableBokehSettings:0       ; no bokeh simulation when gathering]]
[2021.07.02-16.33.53:356][  0]LogConfig: Setting CVar [[r.DOF.Gather.RingCount:4                 ; medium number of samples when gathering]]
[2021.07.02-16.33.53:356][  0]LogConfig: Setting CVar [[r.DOF.Scatter.ForegroundCompositing:1    ; additive foreground scattering]]
[2021.07.02-16.33.53:356][  0]LogConfig: Setting CVar [[r.DOF.Scatter.BackgroundCompositing:2    ; additive background scattering]]
[2021.07.02-16.33.53:356][  0]LogConfig: Setting CVar [[r.DOF.Scatter.EnableBokehSettings:1      ; bokeh simulation when scattering]]
[2021.07.02-16.33.53:356][  0]LogConfig: Setting CVar [[r.DOF.Scatter.MaxSpriteRatio:0.1         ; only a maximum of 10% of scattered bokeh]]
[2021.07.02-16.33.53:356][  0]LogConfig: Setting CVar [[r.DOF.Recombine.Quality:1                ; cheap slight out of focus]]
[2021.07.02-16.33.53:356][  0]LogConfig: Setting CVar [[r.DOF.Recombine.EnableBokehSettings:0    ; no bokeh simulation on slight out of focus]]
[2021.07.02-16.33.53:356][  0]LogConfig: Setting CVar [[r.DOF.TemporalAAQuality:1                ; more stable temporal accumulation]]
[2021.07.02-16.33.53:356][  0]LogConfig: Setting CVar [[r.DOF.Kernel.MaxForegroundRadius:0.025]]
[2021.07.02-16.33.53:356][  0]LogConfig: Setting CVar [[r.DOF.Kernel.MaxBackgroundRadius:0.025]]
[2021.07.02-16.33.53:357][  0]LogConfig: Applying CVar settings from Section [TextureQuality@3] File [D:/The all shiiiit/UE Trash/MuffinWar 4.24/Saved/Config/Windows/Scalability.ini]
[2021.07.02-16.33.53:357][  0]LogConfig: Setting CVar [[r.Streaming.MipBias:0]]
[2021.07.02-16.33.53:357][  0]LogConfig: Setting CVar [[r.Streaming.AmortizeCPUToGPUCopy:0]]
[2021.07.02-16.33.53:357][  0]LogConfig: Setting CVar [[r.Streaming.MaxNumTexturesToStreamPerFrame:0]]
[2021.07.02-16.33.53:357][  0]LogConfig: Setting CVar [[r.Streaming.Boost:1]]
[2021.07.02-16.33.53:357][  0]LogConfig: Setting CVar [[r.MaxAnisotropy:8]]
[2021.07.02-16.33.53:357][  0]LogConfig: Setting CVar [[r.VT.MaxAnisotropy:8]]
[2021.07.02-16.33.53:357][  0]LogConfig: Setting CVar [[r.Streaming.LimitPoolSizeToVRAM:0]]
[2021.07.02-16.33.53:357][  0]LogConfig: Setting CVar [[r.Streaming.PoolSize:1000]]
[2021.07.02-16.33.53:357][  0]LogConfig: Setting CVar [[r.Streaming.MaxEffectiveScreenSize:0]]
[2021.07.02-16.33.53:357][  0]LogConfig: Applying CVar settings from Section [EffectsQuality@3] File [D:/The all shiiiit/UE Trash/MuffinWar 4.24/Saved/Config/Windows/Scalability.ini]
[2021.07.02-16.33.53:357][  0]LogConfig: Setting CVar [[r.TranslucencyLightingVolumeDim:64]]
[2021.07.02-16.33.53:357][  0]LogConfig: Setting CVar [[r.RefractionQuality:2]]
[2021.07.02-16.33.53:357][  0]LogConfig: Setting CVar [[r.SSR.Quality:3]]
[2021.07.02-16.33.53:357][  0]LogConfig: Setting CVar [[r.SSR.HalfResSceneColor:0]]
[2021.07.02-16.33.53:357][  0]LogConfig: Setting CVar [[r.SceneColorFormat:4]]
[2021.07.02-16.33.53:357][  0]LogConfig: Setting CVar [[r.DetailMode:2]]
[2021.07.02-16.33.53:357][  0]LogConfig: Setting CVar [[r.TranslucencyVolumeBlur:1]]
[2021.07.02-16.33.53:357][  0]LogConfig: Setting CVar [[r.MaterialQualityLevel:1 ; High quality]]
[2021.07.02-16.33.53:357][  0]LogConfig: Setting CVar [[r.SSS.Scale:1]]
[2021.07.02-16.33.53:357][  0]LogConfig: Setting CVar [[r.SSS.SampleSet:2]]
[2021.07.02-16.33.53:357][  0]LogConfig: Setting CVar [[r.SSS.Quality:1]]
[2021.07.02-16.33.53:357][  0]LogConfig: Setting CVar [[r.SSS.HalfRes:1]]
[2021.07.02-16.33.53:357][  0]LogConfig: Setting CVar [[r.SSGI.Quality:3]]
[2021.07.02-16.33.53:357][  0]LogConfig: Setting CVar [[r.EmitterSpawnRateScale:1.0]]
[2021.07.02-16.33.53:357][  0]LogConfig: Setting CVar [[r.ParticleLightQuality:2]]
[2021.07.02-16.33.53:357][  0]LogConfig: Setting CVar [[r.SkyAtmosphere.AerialPerspectiveLUT.FastApplyOnOpaque:1 ; Always have FastSkyLUT 1 in this case to avoid wrong sky]]
[2021.07.02-16.33.53:357][  0]LogConfig: Setting CVar [[r.SkyAtmosphere.AerialPerspectiveLUT.SampleCountPerSlice:1]]
[2021.07.02-16.33.53:357][  0]LogConfig: Setting CVar [[r.SkyAtmosphere.AerialPerspectiveLUT.DepthResolution:16.0]]
[2021.07.02-16.33.53:357][  0]LogConfig: Setting CVar [[r.SkyAtmosphere.FastSkyLUT:1]]
[2021.07.02-16.33.53:357][  0]LogConfig: Setting CVar [[r.SkyAtmosphere.FastSkyLUT.SampleCountMin:4.0]]
[2021.07.02-16.33.53:357][  0]LogConfig: Setting CVar [[r.SkyAtmosphere.FastSkyLUT.SampleCountMax:32.0]]
[2021.07.02-16.33.53:357][  0]LogConfig: Setting CVar [[r.SkyAtmosphere.SampleCountMin:4.0]]
[2021.07.02-16.33.53:357][  0]LogConfig: Setting CVar [[r.SkyAtmosphere.SampleCountMax:32.0]]
[2021.07.02-16.33.53:357][  0]LogConfig: Setting CVar [[r.SkyAtmosphere.TransmittanceLUT.UseSmallFormat:0]]
[2021.07.02-16.33.53:357][  0]LogConfig: Setting CVar [[r.SkyAtmosphere.TransmittanceLUT.SampleCount:10.0]]
[2021.07.02-16.33.53:357][  0]LogConfig: Setting CVar [[r.SkyAtmosphere.MultiScatteringLUT.SampleCount:15.0]]
[2021.07.02-16.33.53:357][  0]LogConfig: Applying CVar settings from Section [FoliageQuality@3] File [D:/The all shiiiit/UE Trash/MuffinWar 4.24/Saved/Config/Windows/Scalability.ini]
[2021.07.02-16.33.53:357][  0]LogConfig: Setting CVar [[foliage.DensityScale:1.0]]
[2021.07.02-16.33.53:357][  0]LogConfig: Setting CVar [[grass.DensityScale:1.0]]
[2021.07.02-16.33.53:357][  0]LogConfig: Applying CVar settings from Section [ShadingQuality@3] File [D:/The all shiiiit/UE Trash/MuffinWar 4.24/Saved/Config/Windows/Scalability.ini]
[2021.07.02-16.33.53:357][  0]LogConfig: Setting CVar [[r.HairStrands.SkyLighting.SampleCount:16]]
[2021.07.02-16.33.53:357][  0]LogConfig: Setting CVar [[r.HairStrands.SkyLighting.JitterIntegration:0]]
[2021.07.02-16.33.53:357][  0]LogConfig: Setting CVar [[r.HairStrands.SkyAO.SampleCount:16]]
[2021.07.02-16.33.53:389][  0]LogInit: Selected Device Profile: [Windows]
[2021.07.02-16.33.53:430][  0]LogInit: Applying CVar settings loaded from the selected device profile: [Windows]
[2021.07.02-16.33.53:483][  0]LogHAL: Display: Platform has ~ 8 GB [8448790528 / 8589934592 / 8], which maps to Default [LargestMinGB=32, LargerMinGB=12, DefaultMinGB=8, SmallerMinGB=6, SmallestMinGB=0)
[2021.07.02-16.33.53:483][  0]LogInit: Going up to parent DeviceProfile []
[2021.07.02-16.33.53:509][  0]LogConfig: Applying CVar settings from Section [ViewDistanceQuality@3] File [D:/The all shiiiit/UE Trash/MuffinWar 4.24/Saved/Config/Windows/Scalability.ini]
[2021.07.02-16.33.53:509][  0]LogConfig: Setting CVar [[r.SkeletalMeshLODBias:0]]
[2021.07.02-16.33.53:509][  0]LogConfig: Setting CVar [[r.ViewDistanceScale:1.0]]
[2021.07.02-16.33.53:509][  0]LogConfig: Applying CVar settings from Section [AntiAliasingQuality@3] File [D:/The all shiiiit/UE Trash/MuffinWar 4.24/Saved/Config/Windows/Scalability.ini]
[2021.07.02-16.33.53:509][  0]LogConfig: Setting CVar [[r.PostProcessAAQuality:4]]
[2021.07.02-16.33.53:509][  0]LogConfig: Applying CVar settings from Section [ShadowQuality@3] File [D:/The all shiiiit/UE Trash/MuffinWar 4.24/Saved/Config/Windows/Scalability.ini]
[2021.07.02-16.33.53:509][  0]LogConfig: Setting CVar [[r.LightFunctionQuality:1]]
[2021.07.02-16.33.53:509][  0]LogConfig: Setting CVar [[r.ShadowQuality:5]]
[2021.07.02-16.33.53:509][  0]LogConfig: Setting CVar [[r.Shadow.CSM.MaxCascades:10]]
[2021.07.02-16.33.53:509][  0]LogConfig: Setting CVar [[r.Shadow.MaxResolution:2048]]
[2021.07.02-16.33.53:509][  0]LogConfig: Setting CVar [[r.Shadow.MaxCSMResolution:2048]]
[2021.07.02-16.33.53:509][  0]LogConfig: Setting CVar [[r.Shadow.RadiusThreshold:0.01]]
[2021.07.02-16.33.53:509][  0]LogConfig: Setting CVar [[r.Shadow.DistanceScale:1.0]]
[2021.07.02-16.33.53:509][  0]LogConfig: Setting CVar [[r.Shadow.CSM.TransitionScale:1.0]]
[2021.07.02-16.33.53:509][  0]LogConfig: Setting CVar [[r.Shadow.PreShadowResolutionFactor:1.0]]
[2021.07.02-16.33.53:509][  0]LogConfig: Setting CVar [[r.DistanceFieldShadowing:1]]
[2021.07.02-16.33.53:509][  0]LogConfig: Setting CVar [[r.DistanceFieldAO:1]]
[2021.07.02-16.33.53:509][  0]LogConfig: Setting CVar [[r.AOQuality:2]]
[2021.07.02-16.33.53:509][  0]LogConfig: Setting CVar [[r.VolumetricFog:1]]
[2021.07.02-16.33.53:509][  0]LogConfig: Setting CVar [[r.VolumetricFog.GridPixelSize:8]]
[2021.07.02-16.33.53:509][  0]LogConfig: Setting CVar [[r.VolumetricFog.GridSizeZ:128]]
[2021.07.02-16.33.53:509][  0]LogConfig: Setting CVar [[r.VolumetricFog.HistoryMissSupersampleCount:4]]
[2021.07.02-16.33.53:509][  0]LogConfig: Setting CVar [[r.LightMaxDrawDistanceScale:1]]
[2021.07.02-16.33.53:509][  0]LogConfig: Setting CVar [[r.CapsuleShadows:1]]
[2021.07.02-16.33.53:509][  0]LogConfig: Applying CVar settings from Section [PostProcessQuality@3] File [D:/The all shiiiit/UE Trash/MuffinWar 4.24/Saved/Config/Windows/Scalability.ini]
[2021.07.02-16.33.53:509][  0]LogConfig: Setting CVar [[r.MotionBlurQuality:4]]
[2021.07.02-16.33.53:509][  0]LogConfig: Setting CVar [[r.AmbientOcclusionMipLevelFactor:0.4]]
[2021.07.02-16.33.53:509][  0]LogConfig: Setting CVar [[r.AmbientOcclusionMaxQuality:100]]
[2021.07.02-16.33.53:509][  0]LogConfig: Setting CVar [[r.AmbientOcclusionLevels:-1]]
[2021.07.02-16.33.53:509][  0]LogConfig: Setting CVar [[r.AmbientOcclusionRadiusScale:1.0]]
[2021.07.02-16.33.53:509][  0]LogConfig: Setting CVar [[r.DepthOfFieldQuality:2]]
[2021.07.02-16.33.53:509][  0]LogConfig: Setting CVar [[r.RenderTargetPoolMin:400]]
[2021.07.02-16.33.53:509][  0]LogConfig: Setting CVar [[r.LensFlareQuality:2]]
[2021.07.02-16.33.53:509][  0]LogConfig: Setting CVar [[r.SceneColorFringeQuality:1]]
[2021.07.02-16.33.53:509][  0]LogConfig: Setting CVar [[r.EyeAdaptationQuality:2]]
[2021.07.02-16.33.53:509][  0]LogConfig: Setting CVar [[r.BloomQuality:5]]
[2021.07.02-16.33.53:509][  0]LogConfig: Setting CVar [[r.FastBlurThreshold:100]]
[2021.07.02-16.33.53:509][  0]LogConfig: Setting CVar [[r.Upscale.Quality:3]]
[2021.07.02-16.33.53:509][  0]LogConfig: Setting CVar [[r.Tonemapper.GrainQuantization:1]]
[2021.07.02-16.33.53:509][  0]LogConfig: Setting CVar [[r.LightShaftQuality:1]]
[2021.07.02-16.33.53:510][  0]LogConfig: Setting CVar [[r.Filter.SizeScale:1]]
[2021.07.02-16.33.53:510][  0]LogConfig: Setting CVar [[r.Tonemapper.Quality:5]]
[2021.07.02-16.33.53:510][  0]LogConfig: Setting CVar [[r.DOF.Gather.AccumulatorQuality:1        ; higher gathering accumulator quality]]
[2021.07.02-16.33.53:510][  0]LogConfig: Setting CVar [[r.DOF.Gather.PostfilterMethod:1          ; Median3x3 postfilering method]]
[2021.07.02-16.33.53:510][  0]LogConfig: Setting CVar [[r.DOF.Gather.EnableBokehSettings:0       ; no bokeh simulation when gathering]]
[2021.07.02-16.33.53:510][  0]LogConfig: Setting CVar [[r.DOF.Gather.RingCount:4                 ; medium number of samples when gathering]]
[2021.07.02-16.33.53:510][  0]LogConfig: Setting CVar [[r.DOF.Scatter.ForegroundCompositing:1    ; additive foreground scattering]]
[2021.07.02-16.33.53:510][  0]LogConfig: Setting CVar [[r.DOF.Scatter.BackgroundCompositing:2    ; additive background scattering]]
[2021.07.02-16.33.53:510][  0]LogConfig: Setting CVar [[r.DOF.Scatter.EnableBokehSettings:1      ; bokeh simulation when scattering]]
[2021.07.02-16.33.53:510][  0]LogConfig: Setting CVar [[r.DOF.Scatter.MaxSpriteRatio:0.1         ; only a maximum of 10% of scattered bokeh]]
[2021.07.02-16.33.53:510][  0]LogConfig: Setting CVar [[r.DOF.Recombine.Quality:1                ; cheap slight out of focus]]
[2021.07.02-16.33.53:510][  0]LogConfig: Setting CVar [[r.DOF.Recombine.EnableBokehSettings:0    ; no bokeh simulation on slight out of focus]]
[2021.07.02-16.33.53:510][  0]LogConfig: Setting CVar [[r.DOF.TemporalAAQuality:1                ; more stable temporal accumulation]]
[2021.07.02-16.33.53:510][  0]LogConfig: Setting CVar [[r.DOF.Kernel.MaxForegroundRadius:0.025]]
[2021.07.02-16.33.53:510][  0]LogConfig: Setting CVar [[r.DOF.Kernel.MaxBackgroundRadius:0.025]]
[2021.07.02-16.33.53:510][  0]LogConfig: Applying CVar settings from Section [TextureQuality@3] File [D:/The all shiiiit/UE Trash/MuffinWar 4.24/Saved/Config/Windows/Scalability.ini]
[2021.07.02-16.33.53:510][  0]LogConfig: Setting CVar [[r.Streaming.MipBias:0]]
[2021.07.02-16.33.53:510][  0]LogConfig: Setting CVar [[r.Streaming.AmortizeCPUToGPUCopy:0]]
[2021.07.02-16.33.53:510][  0]LogConfig: Setting CVar [[r.Streaming.MaxNumTexturesToStreamPerFrame:0]]
[2021.07.02-16.33.53:510][  0]LogConfig: Setting CVar [[r.Streaming.Boost:1]]
[2021.07.02-16.33.53:510][  0]LogConfig: Setting CVar [[r.MaxAnisotropy:8]]
[2021.07.02-16.33.53:510][  0]LogConfig: Setting CVar [[r.VT.MaxAnisotropy:8]]
[2021.07.02-16.33.53:510][  0]LogConfig: Setting CVar [[r.Streaming.LimitPoolSizeToVRAM:0]]
[2021.07.02-16.33.53:510][  0]LogConfig: Setting CVar [[r.Streaming.PoolSize:1000]]
[2021.07.02-16.33.53:510][  0]LogConfig: Setting CVar [[r.Streaming.MaxEffectiveScreenSize:0]]
[2021.07.02-16.33.53:510][  0]LogConfig: Applying CVar settings from Section [EffectsQuality@3] File [D:/The all shiiiit/UE Trash/MuffinWar 4.24/Saved/Config/Windows/Scalability.ini]
[2021.07.02-16.33.53:510][  0]LogConfig: Setting CVar [[r.TranslucencyLightingVolumeDim:64]]
[2021.07.02-16.33.53:510][  0]LogConfig: Setting CVar [[r.RefractionQuality:2]]
[2021.07.02-16.33.53:510][  0]LogConfig: Setting CVar [[r.SSR.Quality:3]]
[2021.07.02-16.33.53:510][  0]LogConfig: Setting CVar [[r.SSR.HalfResSceneColor:0]]
[2021.07.02-16.33.53:510][  0]LogConfig: Setting CVar [[r.SceneColorFormat:4]]
[2021.07.02-16.33.53:510][  0]LogConfig: Setting CVar [[r.DetailMode:2]]
[2021.07.02-16.33.53:510][  0]LogConfig: Setting CVar [[r.TranslucencyVolumeBlur:1]]
[2021.07.02-16.33.53:510][  0]LogConfig: Setting CVar [[r.MaterialQualityLevel:1 ; High quality]]
[2021.07.02-16.33.53:510][  0]LogConfig: Setting CVar [[r.SSS.Scale:1]]
[2021.07.02-16.33.53:510][  0]LogConfig: Setting CVar [[r.SSS.SampleSet:2]]
[2021.07.02-16.33.53:510][  0]LogConfig: Setting CVar [[r.SSS.Quality:1]]
[2021.07.02-16.33.53:510][  0]LogConfig: Setting CVar [[r.SSS.HalfRes:1]]
[2021.07.02-16.33.53:510][  0]LogConfig: Setting CVar [[r.SSGI.Quality:3]]
[2021.07.02-16.33.53:510][  0]LogConfig: Setting CVar [[r.EmitterSpawnRateScale:1.0]]
[2021.07.02-16.33.53:510][  0]LogConfig: Setting CVar [[r.ParticleLightQuality:2]]
[2021.07.02-16.33.53:510][  0]LogConfig: Setting CVar [[r.SkyAtmosphere.AerialPerspectiveLUT.FastApplyOnOpaque:1 ; Always have FastSkyLUT 1 in this case to avoid wrong sky]]
[2021.07.02-16.33.53:510][  0]LogConfig: Setting CVar [[r.SkyAtmosphere.AerialPerspectiveLUT.SampleCountPerSlice:1]]
[2021.07.02-16.33.53:510][  0]LogConfig: Setting CVar [[r.SkyAtmosphere.AerialPerspectiveLUT.DepthResolution:16.0]]
[2021.07.02-16.33.53:510][  0]LogConfig: Setting CVar [[r.SkyAtmosphere.FastSkyLUT:1]]
[2021.07.02-16.33.53:510][  0]LogConfig: Setting CVar [[r.SkyAtmosphere.FastSkyLUT.SampleCountMin:4.0]]
[2021.07.02-16.33.53:510][  0]LogConfig: Setting CVar [[r.SkyAtmosphere.FastSkyLUT.SampleCountMax:32.0]]
[2021.07.02-16.33.53:510][  0]LogConfig: Setting CVar [[r.SkyAtmosphere.SampleCountMin:4.0]]
[2021.07.02-16.33.53:510][  0]LogConfig: Setting CVar [[r.SkyAtmosphere.SampleCountMax:32.0]]
[2021.07.02-16.33.53:510][  0]LogConfig: Setting CVar [[r.SkyAtmosphere.TransmittanceLUT.UseSmallFormat:0]]
[2021.07.02-16.33.53:510][  0]LogConfig: Setting CVar [[r.SkyAtmosphere.TransmittanceLUT.SampleCount:10.0]]
[2021.07.02-16.33.53:510][  0]LogConfig: Setting CVar [[r.SkyAtmosphere.MultiScatteringLUT.SampleCount:15.0]]
[2021.07.02-16.33.53:510][  0]LogConfig: Applying CVar settings from Section [FoliageQuality@3] File [D:/The all shiiiit/UE Trash/MuffinWar 4.24/Saved/Config/Windows/Scalability.ini]
[2021.07.02-16.33.53:510][  0]LogConfig: Setting CVar [[foliage.DensityScale:1.0]]
[2021.07.02-16.33.53:510][  0]LogConfig: Setting CVar [[grass.DensityScale:1.0]]
[2021.07.02-16.33.53:510][  0]LogConfig: Applying CVar settings from Section [ShadingQuality@3] File [D:/The all shiiiit/UE Trash/MuffinWar 4.24/Saved/Config/Windows/Scalability.ini]
[2021.07.02-16.33.53:510][  0]LogConfig: Setting CVar [[r.HairStrands.SkyLighting.SampleCount:16]]
[2021.07.02-16.33.53:510][  0]LogConfig: Setting CVar [[r.HairStrands.SkyLighting.JitterIntegration:0]]
[2021.07.02-16.33.53:510][  0]LogConfig: Setting CVar [[r.HairStrands.SkyAO.SampleCount:16]]
[2021.07.02-16.33.53:510][  0]LogConfig: Applying CVar settings from Section [Startup] File [../../../Engine/Config/ConsoleVariables.ini]
[2021.07.02-16.33.53:541][  0]LogConfig: Setting CVar [[net.UseAdaptiveNetUpdateFrequency:0]]
[2021.07.02-16.33.53:541][  0]LogConfig: Setting CVar [[p.chaos.AllowCreatePhysxBodies:1]]
[2021.07.02-16.33.53:542][  0]LogConfig: Applying CVar settings from Section [ConsoleVariables] File [D:/The all shiiiit/UE Trash/MuffinWar 4.24/Saved/Config/Windows/Engine.ini]
[2021.07.02-16.33.53:723][  0]LogInit: Computer: GLEBPC
[2021.07.02-16.33.53:723][  0]LogInit: User: Глеб
[2021.07.02-16.33.53:723][  0]LogInit: CPU Page size=4096, Cores=2
[2021.07.02-16.33.53:723][  0]LogInit: High frequency timer resolution =3.515673 MHz
[2021.07.02-16.33.53:723][  0]LogMemory: Memory total: Physical=7.9GB (8GB approx)
[2021.07.02-16.33.53:723][  0]LogMemory: Platform Memory Stats for Windows
[2021.07.02-16.33.53:723][  0]LogMemory: Process Physical Memory: 104.80 MB used, 104.80 MB peak
[2021.07.02-16.33.53:723][  0]LogMemory: Process Virtual Memory: 103.11 MB used, 103.11 MB peak
[2021.07.02-16.33.53:723][  0]LogMemory: Physical Memory: 7195.17 MB used,  862.23 MB free, 8057.39 MB total
[2021.07.02-16.33.53:723][  0]LogMemory: Virtual Memory: 1007.87 MB used,  8387600.00 MB free, 8388608.00 MB total
[2021.07.02-16.33.54:826][  0]LogWindows: WindowsPlatformFeatures enabled
[2021.07.02-16.33.56:951][  0]LogInit: Using OS detected language (ru-RU).
[2021.07.02-16.33.56:951][  0]LogInit: Using OS detected locale (ru-RU).
[2021.07.02-16.33.57:010][  0]LogTextLocalizationManager: No specific localization for 'ru-RU' exists, so the 'ru' localization will be used.
[2021.07.02-16.33.57:010][  0]LogTextLocalizationResource: LocRes '../../../Engine/Content/Localization/Editor/ru/Editor.locres' could not be opened for reading!
[2021.07.02-16.33.57:011][  0]LogTextLocalizationResource: LocRes '../../../Engine/Content/Localization/EditorTutorials/ru/EditorTutorials.locres' could not be opened for reading!
[2021.07.02-16.33.57:011][  0]LogTextLocalizationResource: LocRes '../../../Engine/Content/Localization/Keywords/ru/Keywords.locres' could not be opened for reading!
[2021.07.02-16.33.57:011][  0]LogTextLocalizationResource: LocRes '../../../Engine/Content/Localization/Category/ru/Category.locres' could not be opened for reading!
[2021.07.02-16.33.57:011][  0]LogTextLocalizationResource: LocRes '../../../Engine/Content/Localization/ToolTips/ru/ToolTips.locres' could not be opened for reading!
[2021.07.02-16.33.57:011][  0]LogTextLocalizationResource: LocRes '../../../Engine/Content/Localization/PropertyNames/ru/PropertyNames.locres' could not be opened for reading!
[2021.07.02-16.33.57:011][  0]LogTextLocalizationResource: LocRes '../../../Engine/Content/Localization/Engine/ru/Engine.locres' could not be opened for reading!
[2021.07.02-16.33.57:419][  0]LogWindows: Failed to load 'shcore.dll' (GetLastError=126)
[2021.07.02-16.33.57:419][  0]LogWindows: File 'shcore.dll' does not exist
[2021.07.02-16.33.57:450][  0]LogInit: Setting process to DPI aware
[2021.07.02-16.33.59:871][  0]LogSlate: New Slate User Created.  User Index 0, Is Virtual User: 0
[2021.07.02-16.33.59:871][  0]LogSlate: Slate User Registered.  User Index 0, Is Virtual User: 0
[2021.07.02-16.34.06:203][  0]LogHMD: Failed to initialize OpenVR with code 110
[2021.07.02-16.34.06:203][  0]LogD3D11RHI: D3D11 min allowed feature level: 11_0
[2021.07.02-16.34.06:204][  0]LogD3D11RHI: D3D11 max allowed feature level: 11_0
[2021.07.02-16.34.06:204][  0]LogD3D11RHI: D3D11 adapters:
[2021.07.02-16.34.08:309][  0]LogD3D11RHI:    0. 'NVIDIA GeForce GTX 950' (Feature Level 11_0)
[2021.07.02-16.34.08:309][  0]LogD3D11RHI:       1960/0/3772 MB DedicatedVideo/DedicatedSystem/SharedSystem, Outputs:1, VendorId:0x10de
[2021.07.02-16.34.09:530][  0]LogD3D11RHI:    1. 'Intel(R) HD Graphics 4400' (Feature Level 11_0)
[2021.07.02-16.34.09:530][  0]LogD3D11RHI:       192/0/1632 MB DedicatedVideo/DedicatedSystem/SharedSystem, Outputs:0, VendorId:0x8086
[2021.07.02-16.34.09:530][  0]LogD3D11RHI: Chosen D3D11 Adapter: 0
[2021.07.02-16.34.09:899][  0]LogD3D11RHI: Creating new Direct3DDevice
[2021.07.02-16.34.09:899][  0]LogD3D11RHI:     GPU DeviceId: 0x1402 (for the marketing name, search the web for "GPU Device Id")
[2021.07.02-16.34.09:899][  0]LogWindows: EnumDisplayDevices:
[2021.07.02-16.34.09:899][  0]LogWindows:    0. 'NVIDIA GeForce GTX 950' (P:1 D:1)
[2021.07.02-16.34.09:900][  0]LogWindows:    1. 'NVIDIA GeForce GTX 950' (P:0 D:0)
[2021.07.02-16.34.09:900][  0]LogWindows:    2. 'NVIDIA GeForce GTX 950' (P:0 D:0)
[2021.07.02-16.34.09:900][  0]LogWindows:    3. 'NVIDIA GeForce GTX 950' (P:0 D:0)
[2021.07.02-16.34.09:900][  0]LogWindows:    4. 'Intel(R) HD Graphics 4400' (P:0 D:0)
[2021.07.02-16.34.09:900][  0]LogWindows:    5. 'Intel(R) HD Graphics 4400' (P:0 D:0)
[2021.07.02-16.34.09:900][  0]LogWindows:    6. 'Intel(R) HD Graphics 4400' (P:0 D:0)
[2021.07.02-16.34.09:901][  0]LogWindows:    7. 'RDPDD Chained DD' (P:0 D:0)
[2021.07.02-16.34.09:901][  0]LogWindows:    8. 'RDP Encoder Mirror Driver' (P:0 D:0)
[2021.07.02-16.34.09:901][  0]LogWindows:    9. 'RDP Reflector Display Driver' (P:0 D:0)
[2021.07.02-16.34.09:901][  0]LogWindows: DebugString: PrimaryIsNotTheChoosenAdapter PrimaryIsNotTheChoosenAdapter PrimaryIsNotTheChoosenAdapter GetVideoDriverDetailsInvalid PrimaryIsNotTheChoosenAdapter GetVideoDriverDetailsInvalid PrimaryIsNotTheChoosenAdapter GetVideoDriverDetailsInvalid PrimaryIsNotTheChoosenAdapter FoundDriverCount:4 
[2021.07.02-16.34.09:901][  0]LogD3D11RHI:     Adapter Name: NVIDIA GeForce GTX 950
[2021.07.02-16.34.09:901][  0]LogD3D11RHI:   Driver Version: 441.20 (internal:26.21.14.4120, unified:441.20)
[2021.07.02-16.34.09:901][  0]LogD3D11RHI:      Driver Date: 11-6-2019
[2021.07.02-16.34.09:901][  0]LogRHI: Texture pool is 1372 MB (70% of 1960 MB)
[2021.07.02-16.34.10:005][  0]LogD3D11RHI: RHI has support for 64 bit atomics
[2021.07.02-16.34.10:005][  0]LogD3D11RHI: Async texture creation enabled
[2021.07.02-16.34.10:846][  0]LogD3D11RHI: GPU Timing Frequency: 1000.000000 (Debug: 2 2)
[2021.07.02-16.34.21:431][  0]LogTargetPlatformManager: Display: Loaded TargetPlatform 'AllDesktop'
[2021.07.02-16.34.21:463][  0]LogTargetPlatformManager: Display: Loaded TargetPlatform 'Android'
[2021.07.02-16.34.21:463][  0]LogTargetPlatformManager: Display: Loaded TargetPlatform 'Android_ASTC'
[2021.07.02-16.34.21:463][  0]LogTargetPlatformManager: Display: Loaded TargetPlatform 'Android_ATC'
[2021.07.02-16.34.21:463][  0]LogTargetPlatformManager: Display: Loaded TargetPlatform 'Android_DXT'
[2021.07.02-16.34.21:463][  0]LogTargetPlatformManager: Display: Loaded TargetPlatform 'Android_ETC1'
[2021.07.02-16.34.21:463][  0]LogTargetPlatformManager: Display: Loaded TargetPlatform 'Android_ETC1a'
[2021.07.02-16.34.21:463][  0]LogTargetPlatformManager: Display: Loaded TargetPlatform 'Android_ETC2'
[2021.07.02-16.34.21:463][  0]LogTargetPlatformManager: Display: Loaded TargetPlatform 'Android_PVRTC'
[2021.07.02-16.34.21:463][  0]LogTargetPlatformManager: Display: Loaded TargetPlatform 'AndroidClient'
[2021.07.02-16.34.21:463][  0]LogTargetPlatformManager: Display: Loaded TargetPlatform 'Android_ASTCClient'
[2021.07.02-16.34.21:463][  0]LogTargetPlatformManager: Display: Loaded TargetPlatform 'Android_ATCClient'
[2021.07.02-16.34.21:463][  0]LogTargetPlatformManager: Display: Loaded TargetPlatform 'Android_DXTClient'
[2021.07.02-16.34.21:463][  0]LogTargetPlatformManager: Display: Loaded TargetPlatform 'Android_ETC1Client'
[2021.07.02-16.34.21:463][  0]LogTargetPlatformManager: Display: Loaded TargetPlatform 'Android_ETC1aClient'
[2021.07.02-16.34.21:463][  0]LogTargetPlatformManager: Display: Loaded TargetPlatform 'Android_ETC2Client'
[2021.07.02-16.34.21:463][  0]LogTargetPlatformManager: Display: Loaded TargetPlatform 'Android_PVRTCClient'
[2021.07.02-16.34.21:463][  0]LogTargetPlatformManager: Display: Loaded TargetPlatform 'Android_Multi'
[2021.07.02-16.34.21:463][  0]LogTargetPlatformManager: Display: Loaded TargetPlatform 'Android_MultiClient'
[2021.07.02-16.34.21:480][  0]LogTargetPlatformManager: Display: Loaded TargetPlatform 'IOSClient'
[2021.07.02-16.34.21:480][  0]LogTargetPlatformManager: Display: Loaded TargetPlatform 'IOS'
[2021.07.02-16.34.21:487][  0]LogTargetPlatformManager: Display: Loaded TargetPlatform 'LinuxNoEditor'
[2021.07.02-16.34.21:494][  0]LogTargetPlatformManager: Display: Loaded TargetPlatform 'LinuxClient'
[2021.07.02-16.34.21:501][  0]LogTargetPlatformManager: Display: Loaded TargetPlatform 'LinuxServer'
[2021.07.02-16.34.22:246][  0]LogTargetPlatformManager: Display: Loaded TargetPlatform 'LinuxAArch64NoEditor'
[2021.07.02-16.34.22:572][  0]LogTargetPlatformManager: Display: Loaded TargetPlatform 'LinuxAArch64Client'
[2021.07.02-16.34.22:766][  0]LogTargetPlatformManager: Display: Loaded TargetPlatform 'LinuxAArch64Server'
[2021.07.02-16.34.22:918][  0]LogTargetPlatformManager: Display: Loaded TargetPlatform 'Lumin'
[2021.07.02-16.34.22:918][  0]LogTargetPlatformManager: Display: Loaded TargetPlatform 'LuminClient'
[2021.07.02-16.34.23:263][  0]LogTargetPlatformManager: Display: Loaded TargetPlatform 'TVOSClient'
[2021.07.02-16.34.23:263][  0]LogTargetPlatformManager: Display: Loaded TargetPlatform 'TVOS'
[2021.07.02-16.34.23:605][  0]LogTargetPlatformManager: Display: Loaded TargetPlatform 'WindowsNoEditor'
[2021.07.02-16.34.23:885][  0]LogTargetPlatformManager: Display: Loaded TargetPlatform 'Windows'
[2021.07.02-16.34.23:946][  0]LogTargetPlatformManager: Display: Loaded TargetPlatform 'WindowsClient'
[2021.07.02-16.34.24:029][  0]LogTargetPlatformManager: Display: Loaded TargetPlatform 'WindowsServer'
[2021.07.02-16.34.24:029][  0]LogTargetPlatformManager: Display: Building Assets For Windows
[2021.07.02-16.34.24:894][  0]LogAudioDebug: Display: Lib vorbis DLL was dynamically loaded.
[2021.07.02-16.34.28:205][  0]LogShaderCompilers: Guid format shader working directory is 10 characters bigger than the processId version (../../../../UE Trash/MuffinWar 4.24/Intermediate/Shaders/WorkingDirectory/9284/).
[2021.07.02-16.34.28:205][  0]LogShaderCompilers: Cleaned the shader compiler working directory 'C:/Users/Глеб/AppData/Local/Temp/UnrealShaderWorkingDir/32C76A2848AA3280F1697E896D3DF53B/'.
[2021.07.02-16.34.28:225][  0]LogShaderCompilers: Display: Using XGE Shader Compiler (Interception Interface).
[2021.07.02-16.34.34:392][  0]LogDerivedDataCache: Display: Max Cache Size: 512 MB
[2021.07.02-16.34.35:832][  0]LogDerivedDataCache: Loaded boot cache 1.39s 78MB C:/Users/Глеб/AppData/Local/UnrealEngine/4.24/DerivedDataCache/Boot.ddc.
[2021.07.02-16.34.35:832][  0]LogDerivedDataCache: Display: Loaded Boot cache: C:/Users/Глеб/AppData/Local/UnrealEngine/4.24/DerivedDataCache/Boot.ddc
[2021.07.02-16.34.35:832][  0]LogDerivedDataCache: FDerivedDataBackendGraph:  Pak pak cache file ../../../../UE Trash/MuffinWar 4.24/DerivedDataCache/DDC.ddp not found, will not use a pak cache.
[2021.07.02-16.34.35:832][  0]LogDerivedDataCache: Unable to find inner node Pak for hierarchical cache Hierarchy.
[2021.07.02-16.34.35:832][  0]LogDerivedDataCache: FDerivedDataBackendGraph:  CompressedPak pak cache file ../../../../UE Trash/MuffinWar 4.24/DerivedDataCache/Compressed.ddp not found, will not use a pak cache.
[2021.07.02-16.34.35:832][  0]LogDerivedDataCache: Unable to find inner node CompressedPak for hierarchical cache Hierarchy.
[2021.07.02-16.34.36:346][  0]LogDerivedDataCache: Display: Pak cache opened for reading ../../../Engine/DerivedDataCache/Compressed.ddp.
[2021.07.02-16.34.36:347][  0]LogDerivedDataCache: FDerivedDataBackendGraph:  EnterprisePak pak cache file ../../../Enterprise/DerivedDataCache/Compressed.ddp not found, will not use a pak cache.
[2021.07.02-16.34.36:347][  0]LogDerivedDataCache: Unable to find inner node EnterprisePak for hierarchical cache Hierarchy.
[2021.07.02-16.34.36:482][  0]LogDerivedDataCache: Using Local data cache path C:/Users/Глеб/AppData/Local/UnrealEngine/Common/DerivedDataCache: Writable
[2021.07.02-16.34.36:482][  0]LogDerivedDataCache: Shared data cache path not found in *engine.ini, will not use an Shared cache.
[2021.07.02-16.34.36:482][  0]LogDerivedDataCache: Unable to find inner node Shared for hierarchical cache Hierarchy.
[2021.07.02-16.34.39:136][  0]LogMaterial: Verifying Global Shaders for PCD3D_SM5
[2021.07.02-16.34.41:755][  0]LogSlate: Using FreeType 2.10.0
[2021.07.02-16.34.43:234][  0]LogSlate: SlateFontServices - WITH_FREETYPE: 1, WITH_HARFBUZZ: 1
[2021.07.02-16.34.59:155][  0]LogAssetRegistry: FAssetRegistry took 0.0128 seconds to start up
[2021.07.02-16.35.35:373][  0]LogAssetRegistry: Error: Failed to open file for write ../../../../UE Trash/MuffinWar 4.24/Intermediate/CachedAssetRegistry.bin
[2021.07.02-16.35.35:373][  0]LogInit: Selected Device Profile: [Windows]
[2021.07.02-16.35.46:261][  0]LogMeshReduction: Using QuadricMeshReduction for automatic static mesh reduction
[2021.07.02-16.35.46:261][  0]LogMeshReduction: Using SimplygonMeshReduction for automatic skeletal mesh reduction
[2021.07.02-16.35.46:261][  0]LogMeshReduction: Using ProxyLODMeshReduction for automatic mesh merging
[2021.07.02-16.35.46:261][  0]LogMeshReduction: No distributed automatic mesh merging module available
[2021.07.02-16.35.46:261][  0]LogMeshMerging: No distributed automatic mesh merging module available
[2021.07.02-16.35.47:248][  0]LogNetVersion: MuffinWar 1.0.0, NetCL: 10570792, EngineNetVer: 13, GameNetVer: 0 (Checksum: 2047065072)
[2021.07.02-16.37.31:634][  0]LogAssetRegistry: Error: Failed to open file for write ../../../../UE Trash/MuffinWar 4.24/Intermediate/AssetRegistryCache/412a70d2.bin
[2021.07.02-16.37.31:656][  0]LogAssetRegistry: Error: Failed to open file for write ../../../../UE Trash/MuffinWar 4.24/Intermediate/AssetRegistryCache/4b41e26b.bin
[2021.07.02-16.37.31:669][  0]LogAssetRegistry: Error: Failed to open file for write ../../../../UE Trash/MuffinWar 4.24/Intermediate/AssetRegistryCache/49dcc0cd.bin
[2021.07.02-16.37.31:681][  0]LogAssetRegistry: Error: Failed to open file for write ../../../../UE Trash/MuffinWar 4.24/Intermediate/AssetRegistryCache/95a2d417.bin
[2021.07.02-16.37.31:700][  0]LogAssetRegistry: Error: Failed to open file for write ../../../../UE Trash/MuffinWar 4.24/Intermediate/AssetRegistryCache/379af223.bin
[2021.07.02-16.37.31:703][  0]LogFileManager: Warning: MoveFile was unable to move '../../../../UE Trash/MuffinWar 4.24/Intermediate/AssetRegistryCache/1174c178.bin.tmp' to '../../../../UE Trash/MuffinWar 4.24/Intermediate/AssetRegistryCache/1174c178.bin', retrying in .5s...
[2021.07.02-16.37.32:203][  0]LogFileManager: Warning: MoveFile was unable to move '../../../../UE Trash/MuffinWar 4.24/Intermediate/AssetRegistryCache/1174c178.bin.tmp' to '../../../../UE Trash/MuffinWar 4.24/Intermediate/AssetRegistryCache/1174c178.bin', retrying in .5s...
[2021.07.02-16.37.32:703][  0]LogFileManager: Warning: MoveFile was unable to move '../../../../UE Trash/MuffinWar 4.24/Intermediate/AssetRegistryCache/1174c178.bin.tmp' to '../../../../UE Trash/MuffinWar 4.24/Intermediate/AssetRegistryCache/1174c178.bin', retrying in .5s...
[2021.07.02-16.37.33:203][  0]LogFileManager: Warning: MoveFile was unable to move '../../../../UE Trash/MuffinWar 4.24/Intermediate/AssetRegistryCache/1174c178.bin.tmp' to '../../../../UE Trash/MuffinWar 4.24/Intermediate/AssetRegistryCache/1174c178.bin', retrying in .5s...
[2021.07.02-16.37.33:703][  0]LogFileManager: Warning: MoveFile was unable to move '../../../../UE Trash/MuffinWar 4.24/Intermediate/AssetRegistryCache/1174c178.bin.tmp' to '../../../../UE Trash/MuffinWar 4.24/Intermediate/AssetRegistryCache/1174c178.bin', retrying in .5s...
[2021.07.02-16.37.34:203][  0]LogFileManager: Warning: MoveFile was unable to move '../../../../UE Trash/MuffinWar 4.24/Intermediate/AssetRegistryCache/1174c178.bin.tmp' to '../../../../UE Trash/MuffinWar 4.24/Intermediate/AssetRegistryCache/1174c178.bin', retrying in .5s...
[2021.07.02-16.37.34:704][  0]LogFileManager: Warning: MoveFile was unable to move '../../../../UE Trash/MuffinWar 4.24/Intermediate/AssetRegistryCache/1174c178.bin.tmp' to '../../../../UE Trash/MuffinWar 4.24/Intermediate/AssetRegistryCache/1174c178.bin', retrying in .5s...
[2021.07.02-16.37.35:204][  0]LogFileManager: Warning: MoveFile was unable to move '../../../../UE Trash/MuffinWar 4.24/Intermediate/AssetRegistryCache/1174c178.bin.tmp' to '../../../../UE Trash/MuffinWar 4.24/Intermediate/AssetRegistryCache/1174c178.bin', retrying in .5s...
[2021.07.02-16.37.35:704][  0]LogFileManager: Warning: MoveFile was unable to move '../../../../UE Trash/MuffinWar 4.24/Intermediate/AssetRegistryCache/1174c178.bin.tmp' to '../../../../UE Trash/MuffinWar 4.24/Intermediate/AssetRegistryCache/1174c178.bin', retrying in .5s...
[2021.07.02-16.37.36:204][  0]LogFileManager: Warning: MoveFile was unable to move '../../../../UE Trash/MuffinWar 4.24/Intermediate/AssetRegistryCache/1174c178.bin.tmp' to '../../../../UE Trash/MuffinWar 4.24/Intermediate/AssetRegistryCache/1174c178.bin', retrying in .5s...
[2021.07.02-16.37.36:704][  0]LogFileManager: Error: Error moving file '../../../../UE Trash/MuffinWar 4.24/Intermediate/AssetRegistryCache/1174c178.bin.tmp' to '../../../../UE Trash/MuffinWar 4.24/Intermediate/AssetRegistryCache/1174c178.bin'.
[2021.07.02-16.37.36:709][  0]LogPackageLocalizationCache: Processed 10 localized package path(s) for 1 prioritized culture(s) in 5.107626 seconds
[2021.07.02-16.37.36:717][  0]LogUObjectArray: 46750 objects as part of root set at end of initial load.
[2021.07.02-16.37.36:717][  0]LogUObjectAllocator: 8137160 out of 0 bytes used by permanent object pool.
[2021.07.02-16.37.36:717][  0]LogUObjectArray: CloseDisregardForGC: 0/0 objects in disregard for GC pool
[2021.07.02-16.37.41:771][  0]LogConfig: Warning: Failed to saved backup for config[../../../../UE Trash/MuffinWar 4.24/Intermediate/Config/CoalescedSourceConfigs/InternationalizationExport.ini]
[2021.07.02-16.37.51:745][  0]LogTcpMessaging: Initializing TcpMessaging bridge
[2021.07.02-16.37.52:081][  0]LogUdpMessaging: Initializing bridge on interface 0.0.0.0:0 to multicast group 230.0.0.1:6666.
[2021.07.02-16.37.54:110][  0]SourceControl: Source control is disabled
[2021.07.02-16.37.54:137][  0]SourceControl: Source control is disabled
[2021.07.02-16.37.55:276][  0]SourceControl: Source control is disabled
[2021.07.02-16.37.55:422][  0]SourceControl: Source control is disabled
[2021.07.02-16.37.56:037][  0]SourceControl: Source control is disabled
[2021.07.02-16.37.59:090][  0]LogAndroidPermission: UAndroidPermissionCallbackProxy::GetInstance
[2021.07.02-16.37.59:486][  0]LogAudioCaptureCore: Display: No Audio Capture implementations found. Audio input will be silent.
[2021.07.02-16.37.59:486][  0]LogAudioCaptureCore: Display: No Audio Capture implementations found. Audio input will be silent.
[2021.07.02-16.38.00:653][  0]LogOcInput: OculusInput pre-init called
[2021.07.02-16.38.01:773][  0]LogWindows: Failed to load 'OVRPlugin.dll' (GetLastError=126)
[2021.07.02-16.38.01:773][  0]LogWindows: File 'OVRPlugin.dll' does not exist
[2021.07.02-16.38.03:741][  0]LogEngine: Initializing Engine...
[2021.07.02-16.38.03:763][  0]LogHMD: Failed to initialize OpenVR with code 110
[2021.07.02-16.38.04:042][  0]LogStats: UGameplayTagsManager::InitializeManager -  0.031 s
[2021.07.02-16.38.07:276][  0]LogInit: Initializing FReadOnlyCVARCache
[2021.07.02-16.38.09:414][  0]LogAIModule: Creating AISystem for world Untitled
[2021.07.02-16.38.10:008][  0]LogAudioMixer: Display: Audio Mixer Platform Settings:
[2021.07.02-16.38.10:008][  0]LogAudioMixer: Display: 	Sample Rate:						  48000
[2021.07.02-16.38.10:008][  0]LogAudioMixer: Display: 	Callback Buffer Frame Size Requested: 1024
[2021.07.02-16.38.10:008][  0]LogAudioMixer: Display: 	Callback Buffer Frame Size To Use:	  1024
[2021.07.02-16.38.10:008][  0]LogAudioMixer: Display: 	Number of buffers to queue:			  2
[2021.07.02-16.38.10:008][  0]LogAudioMixer: Display: 	Max Channels (voices):				  32
[2021.07.02-16.38.10:008][  0]LogAudioMixer: Display: 	Number of Async Source Workers:		  0
[2021.07.02-16.38.10:023][  0]LogAudio: Display: AudioDevice MaxSources: 32
[2021.07.02-16.38.10:144][  0]LogAudio: Display: Using built-in audio occlusion.
[2021.07.02-16.38.10:147][  0]LogAudioMixer: Display: Initializing audio mixer.
[2021.07.02-16.38.11:910][  0]LogAudioMixer: Display: Audio Device Output Speaker Info:
[2021.07.02-16.38.11:910][  0]LogAudioMixer: Display: Name: LG TV (NVIDIA High Definition Audio)
[2021.07.02-16.38.11:910][  0]LogAudioMixer: Display: Is Default: Yes
[2021.07.02-16.38.11:910][  0]LogAudioMixer: Display: Sample Rate: 48000
[2021.07.02-16.38.11:910][  0]LogAudioMixer: Display: Channel Count Used: 2
[2021.07.02-16.38.11:910][  0]LogAudioMixer: Display: Device Channel Count: 2
[2021.07.02-16.38.11:910][  0]LogAudioMixer: Display: Channel Order:
[2021.07.02-16.38.11:910][  0]LogAudioMixer: Display: 0: FrontLeft
[2021.07.02-16.38.11:910][  0]LogAudioMixer: Display: 1: FrontRight
[2021.07.02-16.38.12:403][  0]LogAudioMixer: Display: Using Audio Device LG TV (NVIDIA High Definition Audio)
[2021.07.02-16.38.12:608][  0]LogInit: FAudioDevice initialized.
[2021.07.02-16.38.12:771][  0]LogNetVersion: Set ProjectVersion to 1.0.0.0. Version Checksum will be recalculated on next use.
[2021.07.02-16.38.13:787][  0]LogDerivedDataCache: Saved boot cache 1.02s 78MB C:/Users/Глеб/AppData/Local/UnrealEngine/4.24/DerivedDataCache/Boot.ddc.
[2021.07.02-16.38.13:787][  0]LogInit: Texture streaming: Enabled
[2021.07.02-16.38.14:541][  0]LogEngineSessionManager: EngineSessionManager initialized
[2021.07.02-16.38.14:541][  0]LogEditorSessionSummary: Verbose: Initializing EditorSessionSummaryWriter for editor session tracking
[2021.07.02-16.38.15:210][  0]LogEditorSessionSummary: EditorSessionSummaryWriter initialized
[2021.07.02-16.38.17:468][  0]LogInit: Transaction tracking system initialized
[2021.07.02-16.38.20:452][  0]BlueprintLog: New page: Editor Load
[2021.07.02-16.38.26:616][  0]LocalizationService: Localization service is disabled
[2021.07.02-16.38.27:880][  0]LogLinker: Warning: Failed to load '/Game/FirstPersonBP/FirstPersonOverview': Can't find file.
[2021.07.02-16.38.27:880][  0]LogLinker: Warning: Failed to load '/Game/FirstPersonBP/FirstPersonOverview': Can't find file.
[2021.07.02-16.38.27:880][  0]LogUObjectGlobals: Warning: Failed to find object 'Class /Game/FirstPersonBP/FirstPersonOverview.FirstPersonOverview_C'
[2021.07.02-16.38.45:223][  0]LogFileCache: Scanning file cache for directory 'D:/The all shiiiit/UE Trash/MuffinWar 4.24/Content/' took 0.09s
[2021.07.02-16.38.45:223][  0]LogCook: Display: Max memory allowance for cook 16384mb min free memory 0mb
[2021.07.02-16.38.45:223][  0]LogCook: Display: Mobile HDR setting 1
[2021.07.02-16.41.29:206][  0]SourceControl: Source control is disabled
[2021.07.02-16.41.29:250][  0]Cmd: MAP LOAD FILE="../../../../UE Trash/MuffinWar 4.24/Content/MuffinWar/Maps/TutorialMap.umap" TEMPLATE=0 SHOWPROGRESS=1 FEATURELEVEL=3
[2021.07.02-16.41.29:582][  0]LightingResults: New page: Lighting Build
[2021.07.02-16.41.29:740][  0]LogWorld: UWorld::CleanupWorld for Untitled, bSessionEnded=true, bCleanupResources=true
[2021.07.02-16.41.29:818][  0]LogSlate: InvalidateAllWidgets triggered.  All widgets were invalidated
[2021.07.02-16.41.29:897][  0]MapCheck: New page: Map Check
[2021.07.02-16.41.29:897][  0]LightingResults: New page: Lighting Build
[2021.07.02-16.41.30:771][  0]LogUObjectHash: Compacting FUObjectHashTables data took   2.49ms
[2021.07.02-16.41.36:455][  0]LogAIModule: Creating AISystem for world TutorialMap
[2021.07.02-16.41.38:125][  0]LogEditorServer: Finished looking for orphan Actors (0.000 secs)
[2021.07.02-16.41.38:574][  0]LogUObjectHash: Compacting FUObjectHashTables data took   2.52ms
[2021.07.02-16.41.38:574][  0]Cmd: MAP CHECKDEP NOCLEARLOG
[2021.07.02-16.41.38:587][  0]MapCheck: Map check complete: 0 Error(s), 0 Warning(s), took 0,089ms to complete.
[2021.07.02-16.41.38:587][  0]LogFileHelpers: Loading map 'TutorialMap' took 9.352
[2021.07.02-16.41.51:050][  0]LogSlate: Updating window title bar state: overlay mode, drag disabled, window buttons hidden, title bar hidden
[2021.07.02-16.41.52:330][  0]LogSlate: Updating window title bar state: overlay mode, drag disabled, window buttons hidden, title bar hidden
[2021.07.02-16.41.52:337][  0]LogSlate: Updating window title bar state: overlay mode, drag disabled, window buttons hidden, title bar hidden
[2021.07.02-16.41.52:345][  0]LogSlate: Updating window title bar state: overlay mode, drag disabled, window buttons hidden, title bar hidden
[2021.07.02-16.41.56:367][  0]LogCollectionManager: Loaded 0 collections in 0.001539 seconds
[2021.07.02-16.41.57:745][  0]LogFileCache: Scanning file cache for directory 'D:/The all shiiiit/UE Trash/MuffinWar 4.24/Saved/Collections/' took 0.00s
[2021.07.02-16.41.57:745][  0]LogFileCache: Scanning file cache for directory 'D:/The all shiiiit/UE Trash/MuffinWar 4.24/Content/Developers/Глеб/Collections/' took 0.00s
[2021.07.02-16.41.57:745][  0]LogFileCache: Scanning file cache for directory 'D:/The all shiiiit/UE Trash/MuffinWar 4.24/Content/Collections/' took 0.00s
[2021.07.02-16.41.57:745][  0]LogContentBrowser: Native class hierarchy populated in 0.0276 seconds. Added 3017 classes and 720 folders.
[2021.07.02-16.41.59:320][  0]LogContentBrowser: Native class hierarchy updated for 'WidgetCarousel' in 0.0003 seconds. Added 0 classes and 0 folders.
[2021.07.02-16.42.24:624][  0]LogContentBrowser: Native class hierarchy updated for 'AddContentDialog' in 0.0005 seconds. Added 0 classes and 0 folders.
[2021.07.02-16.42.26:743][  0]LogSlate: Took 0.093119 seconds to synchronously load lazily loaded font '../../../Engine/Content/Slate/Fonts/Roboto-Regular.ttf' (155K)
[2021.07.02-16.42.27:173][  0]LogSlate: Took 0.204183 seconds to synchronously load lazily loaded font '../../../Engine/Content/Slate/Fonts/Roboto-Bold.ttf' (160K)
[2021.07.02-16.42.27:451][  0]LogSlate: Took 0.199979 seconds to synchronously load lazily loaded font '../../../Engine/Content/Editor/Slate/Fonts/FontAwesome.ttf' (139K)
[2021.07.02-16.42.32:113][  0]LogRenderer: Reallocating scene render targets to support 1356x884 Format 10 NumSamples 1 (Frame:1).
[2021.07.02-16.42.36:781][  0]LogContentBrowser: Native class hierarchy updated for 'HierarchicalLODOutliner' in 0.0003 seconds. Added 0 classes and 0 folders.
[2021.07.02-16.42.36:781][  0]LogLoad: (Engine Initialization) Total time: 586.57 seconds
[2021.07.02-16.42.36:781][  0]LogLoad: (Engine Initialization) Total Blueprint compile time: 0.00 seconds
[2021.07.02-16.42.41:025][  0]LogContentStreaming: Texture pool size now 1000 MB
[2021.07.02-16.42.46:650][  0]LogRenderer: Reallocating scene render targets to support 1356x900 Format 10 NumSamples 1 (Frame:3).
[2021.07.02-16.42.46:650][  0]LogSlate: Took 0.925267 seconds to synchronously load lazily loaded font '../../../Engine/Content/Slate/Fonts/Roboto-Light.ttf' (167K)
[2021.07.02-16.43.08:085][ 58]LogAssetRegistry: Asset discovery search completed in 488.9253 seconds
[2021.07.02-16.43.08:089][ 58]LogCollectionManager: Fixed up redirectors for 0 collections in 0.000009 seconds (updated 0 objects)
[2021.07.02-18.20.03:391][410]LogTemp: Repeating last play command: Selected Viewport
[2021.07.02-18.20.03:804][410]LogBlueprintUserMessages: Early PlayInEditor Detection: Level '/Game/MuffinWar/Maps/TutorialMap.TutorialMap:PersistentLevel' has LevelScriptBlueprint '/Game/MuffinWar/Maps/TutorialMap.TutorialMap:PersistentLevel.TutorialMap' with GeneratedClass '/Game/MuffinWar/Maps/TutorialMap.TutorialMap_C' with ClassGeneratedBy '/Game/MuffinWar/Maps/TutorialMap.TutorialMap:PersistentLevel.TutorialMap'
[2021.07.02-18.20.04:207][410]LogPlayLevel: PlayLevel: No blueprints needed recompiling
[2021.07.02-18.20.04:680][410]PIE: New page: PIE session: TutorialMap (2 июл. 2021 г., 22:20:04)
[2021.07.02-18.20.04:762][410]LogOnline: OSS: Creating online subsystem instance for: NULL
[2021.07.02-18.20.04:763][410]LogOnline: OSS: TryLoadSubsystemAndSetDefault: Loaded subsystem for module [NULL]
[2021.07.02-18.20.04:778][410]LogPlayLevel: Creating play world package: /Game/MuffinWar/Maps/UEDPIE_0_TutorialMap
[2021.07.02-18.20.05:045][410]LogPlayLevel: PIE: StaticDuplicateObject took: (0.266155s)
[2021.07.02-18.20.05:060][410]LogAIModule: Creating AISystem for world TutorialMap
[2021.07.02-18.20.05:080][410]LogPlayLevel: PIE: World Init took: (0.035159s)
[2021.07.02-18.20.05:080][410]LogPlayLevel: PIE: Created PIE world by copying editor world from /Game/MuffinWar/Maps/TutorialMap.TutorialMap to /Game/MuffinWar/Maps/UEDPIE_0_TutorialMap.TutorialMap (0.301781s)
[2021.07.02-18.20.05:105][410]LogUObjectHash: Compacting FUObjectHashTables data took   2.29ms
[2021.07.02-18.20.05:255][410]LogAudioMixer: Display: Audio Mixer Platform Settings:
[2021.07.02-18.20.05:256][410]LogAudioMixer: Display: 	Sample Rate:						  48000
[2021.07.02-18.20.05:256][410]LogAudioMixer: Display: 	Callback Buffer Frame Size Requested: 1024
[2021.07.02-18.20.05:256][410]LogAudioMixer: Display: 	Callback Buffer Frame Size To Use:	  1024
[2021.07.02-18.20.05:256][410]LogAudioMixer: Display: 	Number of buffers to queue:			  2
[2021.07.02-18.20.05:256][410]LogAudioMixer: Display: 	Max Channels (voices):				  32
[2021.07.02-18.20.05:256][410]LogAudioMixer: Display: 	Number of Async Source Workers:		  0
[2021.07.02-18.20.05:256][410]LogAudio: Display: AudioDevice MaxSources: 32
[2021.07.02-18.20.05:256][410]LogAudio: Display: Using built-in audio occlusion.
[2021.07.02-18.20.05:256][410]LogAudioMixer: Display: Initializing audio mixer.
[2021.07.02-18.20.05:311][410]LogAudioMixer: Display: Audio Device Output Speaker Info:
[2021.07.02-18.20.05:311][410]LogAudioMixer: Display: Name: LG TV (NVIDIA High Definition Audio)
[2021.07.02-18.20.05:311][410]LogAudioMixer: Display: Is Default: Yes
[2021.07.02-18.20.05:311][410]LogAudioMixer: Display: Sample Rate: 48000
[2021.07.02-18.20.05:311][410]LogAudioMixer: Display: Channel Count Used: 2
[2021.07.02-18.20.05:311][410]LogAudioMixer: Display: Device Channel Count: 2
[2021.07.02-18.20.05:311][410]LogAudioMixer: Display: Channel Order:
[2021.07.02-18.20.05:311][410]LogAudioMixer: Display: 0: FrontLeft
[2021.07.02-18.20.05:311][410]LogAudioMixer: Display: 1: FrontRight
[2021.07.02-18.20.05:317][410]LogAudioMixer: Display: Using Audio Device LG TV (NVIDIA High Definition Audio)
[2021.07.02-18.20.05:319][410]LogInit: FAudioDevice initialized.
[2021.07.02-18.20.05:517][410]LogLoad: Game class is 'GM_Tutorial_C'
[2021.07.02-18.20.05:613][410]LogWorld: Bringing World /Game/MuffinWar/Maps/UEDPIE_0_TutorialMap.TutorialMap up for play (max tick rate 0) at 2021.07.02-20.20.05
[2021.07.02-18.20.05:827][410]LogWorld: Bringing up level for play took: 0.215062
[2021.07.02-18.20.06:012][410]LogOnline: OSS: Creating online subsystem instance for: :Context_1
[2021.07.02-18.20.06:362][410]LogContentBrowser: Native class hierarchy updated for 'MovieSceneCapture' in 0.0004 seconds. Added 20 classes and 0 folders.
[2021.07.02-18.20.06:602][410]Cmd: r.TonemapperFilm 0
[2021.07.02-18.20.07:343][410]r.TonemapperFilm = "0"
[2021.07.02-18.20.07:389][410]PIE: Play in editor start time for /Game/MuffinWar/Maps/UEDPIE_0_TutorialMap 3,562
[2021.07.02-18.20.07:390][410]LogBlueprintUserMessages: Late PlayInEditor Detection: Level '/Game/MuffinWar/Maps/TutorialMap.TutorialMap:PersistentLevel' has LevelScriptBlueprint '/Game/MuffinWar/Maps/TutorialMap.TutorialMap:PersistentLevel.TutorialMap' with GeneratedClass '/Game/MuffinWar/Maps/TutorialMap.TutorialMap_C' with ClassGeneratedBy '/Game/MuffinWar/Maps/TutorialMap.TutorialMap:PersistentLevel.TutorialMap'
[2021.07.02-18.20.15:026][876]LogUObjectHash: Compacting FUObjectHashTables data took   1.72ms
[2021.07.02-18.20.15:050][876]LogSlate: Window 'MuffinWar - Unreal Editor' being destroyed
[2021.07.02-18.20.15:167][876]LogBlueprintUserMessages: Early EndPlayMap Detection: Level '/Game/MuffinWar/Maps/TutorialMap.TutorialMap:PersistentLevel' has LevelScriptBlueprint '/Game/MuffinWar/Maps/TutorialMap.TutorialMap:PersistentLevel.TutorialMap' with GeneratedClass '/Game/MuffinWar/Maps/TutorialMap.TutorialMap_C' with ClassGeneratedBy '/Game/MuffinWar/Maps/TutorialMap.TutorialMap:PersistentLevel.TutorialMap'
[2021.07.02-18.20.15:248][876]LogSlate: Updating window title bar state: overlay mode, drag disabled, window buttons hidden, title bar hidden
[2021.07.02-18.20.15:248][876]LogWorld: BeginTearingDown for /Game/MuffinWar/Maps/UEDPIE_0_TutorialMap
[2021.07.02-18.20.15:266][876]LogAudioMixer: Display: No commands were queued while flushing the source manager.
[2021.07.02-18.20.15:266][876]LogWorld: UWorld::CleanupWorld for TutorialMap, bSessionEnded=true, bCleanupResources=true
[2021.07.02-18.20.15:285][876]LogSlate: InvalidateAllWidgets triggered.  All widgets were invalidated
[2021.07.02-18.20.15:319][876]LogPlayLevel: Display: Shutting down PIE online subsystems
[2021.07.02-18.20.15:319][876]LogBlueprintUserMessages: Late EndPlayMap Detection: Level '/Game/MuffinWar/Maps/TutorialMap.TutorialMap:PersistentLevel' has LevelScriptBlueprint '/Game/MuffinWar/Maps/TutorialMap.TutorialMap:PersistentLevel.TutorialMap' with GeneratedClass '/Game/MuffinWar/Maps/TutorialMap.TutorialMap_C' with ClassGeneratedBy '/Game/MuffinWar/Maps/TutorialMap.TutorialMap:PersistentLevel.TutorialMap'
[2021.07.02-18.20.15:356][876]LogSlate: InvalidateAllWidgets triggered.  All widgets were invalidated
[2021.07.02-18.20.15:389][876]LogAudioMixer: Display: No commands were queued while flushing the source manager.
[2021.07.02-18.20.15:515][876]LogSlate: Updating window title bar state: overlay mode, drag disabled, window buttons hidden, title bar hidden
[2021.07.02-18.20.15:614][876]LogUObjectHash: Compacting FUObjectHashTables data took   1.81ms
[2021.07.02-18.20.15:689][877]Cmd: QUIT_EDITOR
[2021.07.02-18.20.15:689][877]LogCore: Engine exit requested (reason: UUnrealEdEngine::CloseEditor())
[2021.07.02-18.20.15:697][877]LogCore: Engine exit requested (reason: EngineExit() was called; note: exit was already requested)
[2021.07.02-18.20.15:697][877]LogAudioMixer: Display: No commands were queued while flushing the source manager.
